{"layers":[{"layerType":"INPUT","channels":3,"width":28,"height":28},{"filterWidth":5,"layerType":"CONVOLUTIONAL","filterHeight":5,"channels":3,"stride":1,"activation":"RELU"},{"filterWidth":2,"layerType":"MAXPOOLING","filterHeight":2,"stride":2},{"filterWidth":3,"layerType":"CONVOLUTIONAL","filterHeight":3,"channels":6,"stride":1,"activation":"RELU"},{"filterWidth":2,"layerType":"MAXPOOLING","filterHeight":2,"stride":2},{"layerType":"FULLYCONNECTED","width":30,"activation":"RELU"},{"layerType":"FULLYCONNECTED","width":20,"activation":"RELU"},{"layerType":"OUTPUT","width":10,"activation":"SOFTMAX"}]}
Iteration:1, Time:1083ms, TotalError:2.331722, ErrorChange:2.331722
Iteration:2, Time:1016ms, TotalError:2.328734, ErrorChange:-0.0029881
Iteration:3, Time:906ms, TotalError:2.3257997, ErrorChange:-0.0029342175
Iteration:4, Time:913ms, TotalError:2.3214474, ErrorChange:-0.004352331
Iteration:5, Time:928ms, TotalError:2.3178847, ErrorChange:-0.0035626888
Iteration:6, Time:953ms, TotalError:2.3149514, ErrorChange:-0.0029332638
Iteration:7, Time:949ms, TotalError:2.3104148, ErrorChange:-0.0045366287
Iteration:8, Time:952ms, TotalError:2.3059893, ErrorChange:-0.0044255257
Iteration:9, Time:938ms, TotalError:2.3022366, ErrorChange:-0.0037527084
Iteration:10, Time:954ms, TotalError:2.2973511, ErrorChange:-0.004885435
Iteration:11, Time:938ms, TotalError:2.292178, ErrorChange:-0.0051732063
Iteration:12, Time:953ms, TotalError:2.285441, ErrorChange:-0.006736994
Iteration:13, Time:966ms, TotalError:2.2781744, ErrorChange:-0.0072665215
Iteration:14, Time:913ms, TotalError:2.269528, ErrorChange:-0.008646488
Iteration:15, Time:913ms, TotalError:2.2579966, ErrorChange:-0.011531353
Iteration:16, Time:913ms, TotalError:2.2451313, ErrorChange:-0.012865305
Iteration:17, Time:915ms, TotalError:2.2303998, ErrorChange:-0.014731407
Iteration:18, Time:912ms, TotalError:2.2125847, ErrorChange:-0.017815113
Iteration:19, Time:909ms, TotalError:2.1912808, ErrorChange:-0.021303892
Iteration:20, Time:907ms, TotalError:2.169973, ErrorChange:-0.021307945
Iteration:21, Time:913ms, TotalError:2.146076, ErrorChange:-0.023896933
Iteration:22, Time:928ms, TotalError:2.127612, ErrorChange:-0.01846385
Iteration:23, Time:914ms, TotalError:2.0915267, ErrorChange:-0.036085367
Iteration:24, Time:909ms, TotalError:2.017962, ErrorChange:-0.07356477
Iteration:25, Time:911ms, TotalError:1.9447997, ErrorChange:-0.07316232
Iteration:26, Time:917ms, TotalError:1.8837407, ErrorChange:-0.061058998
Iteration:27, Time:910ms, TotalError:1.8158749, ErrorChange:-0.06786573
Iteration:28, Time:917ms, TotalError:1.7285815, ErrorChange:-0.08729339
Iteration:29, Time:926ms, TotalError:1.6725295, ErrorChange:-0.05605209
Iteration:30, Time:937ms, TotalError:1.6491494, ErrorChange:-0.023380041
Iteration:31, Time:917ms, TotalError:1.6211994, ErrorChange:-0.027950048
Iteration:32, Time:921ms, TotalError:1.5849103, ErrorChange:-0.036289096
Iteration:33, Time:925ms, TotalError:1.5954062, ErrorChange:0.010495901
Iteration:34, Time:914ms, TotalError:1.6190386, ErrorChange:0.023632407
Iteration:35, Time:908ms, TotalError:1.6201072, ErrorChange:0.0010685921
Iteration:36, Time:921ms, TotalError:1.6300486, ErrorChange:0.009941459
Iteration:37, Time:908ms, TotalError:1.5931594, ErrorChange:-0.036889195
Iteration:38, Time:1109ms, TotalError:1.5816019, ErrorChange:-0.011557579
Iteration:39, Time:931ms, TotalError:1.5813887, ErrorChange:-2.1314621E-4
Iteration:40, Time:925ms, TotalError:1.571392, ErrorChange:-0.009996653
Iteration:41, Time:1043ms, TotalError:1.5819288, ErrorChange:0.01053679
Iteration:42, Time:917ms, TotalError:1.6089699, ErrorChange:0.027041078
Iteration:43, Time:929ms, TotalError:1.5488162, ErrorChange:-0.060153723
Iteration:44, Time:915ms, TotalError:1.5657823, ErrorChange:0.016966105
Iteration:45, Time:915ms, TotalError:1.5401819, ErrorChange:-0.025600433
Iteration:46, Time:919ms, TotalError:1.5279222, ErrorChange:-0.012259722
Iteration:47, Time:924ms, TotalError:1.5487117, ErrorChange:0.020789504
Iteration:48, Time:921ms, TotalError:1.5345128, ErrorChange:-0.014198899
Iteration:49, Time:915ms, TotalError:1.5834564, ErrorChange:0.04894364
Iteration:50, Time:911ms, TotalError:1.56646, ErrorChange:-0.016996384
Iteration:51, Time:917ms, TotalError:1.5676266, ErrorChange:0.0011665821
Iteration:52, Time:911ms, TotalError:1.6205454, ErrorChange:0.05291879
Iteration:53, Time:922ms, TotalError:1.5883949, ErrorChange:-0.032150507
Iteration:54, Time:940ms, TotalError:1.5747445, ErrorChange:-0.013650417
Iteration:55, Time:918ms, TotalError:1.5907493, ErrorChange:0.0160048
Iteration:56, Time:945ms, TotalError:1.5978116, ErrorChange:0.007062316
Iteration:57, Time:927ms, TotalError:1.6383787, ErrorChange:0.04056716
Iteration:58, Time:918ms, TotalError:1.626348, ErrorChange:-0.012030721
Iteration:59, Time:914ms, TotalError:1.7820766, ErrorChange:0.15572858
Iteration:60, Time:911ms, TotalError:1.6806635, ErrorChange:-0.10141313
Iteration:61, Time:916ms, TotalError:1.6099238, ErrorChange:-0.07073963
Iteration:62, Time:915ms, TotalError:1.6323268, ErrorChange:0.022403002
Iteration:63, Time:916ms, TotalError:1.5903544, ErrorChange:-0.0419724
Iteration:64, Time:938ms, TotalError:1.6598254, ErrorChange:0.069471
Iteration:65, Time:924ms, TotalError:1.6359235, ErrorChange:-0.02390194
Iteration:66, Time:925ms, TotalError:1.6394352, ErrorChange:0.0035116673
Iteration:67, Time:925ms, TotalError:1.6212599, ErrorChange:-0.018175244
Iteration:68, Time:926ms, TotalError:1.6359645, ErrorChange:0.014704585
Iteration:69, Time:919ms, TotalError:1.6006962, ErrorChange:-0.035268307
Iteration:70, Time:926ms, TotalError:1.5991849, ErrorChange:-0.0015113354
Iteration:71, Time:918ms, TotalError:1.6086179, ErrorChange:0.009433031
Iteration:72, Time:922ms, TotalError:1.6169399, ErrorChange:0.0083220005
Iteration:73, Time:922ms, TotalError:1.6180711, ErrorChange:0.001131177
Iteration:74, Time:916ms, TotalError:1.6144011, ErrorChange:-0.0036699772
Iteration:75, Time:919ms, TotalError:1.6094508, ErrorChange:-0.004950285
Iteration:76, Time:915ms, TotalError:1.6039816, ErrorChange:-0.005469203
Iteration:77, Time:912ms, TotalError:1.6012801, ErrorChange:-0.002701521
Iteration:78, Time:920ms, TotalError:1.5937277, ErrorChange:-0.0075523853
Iteration:79, Time:913ms, TotalError:1.5867417, ErrorChange:-0.006986022
Iteration:80, Time:910ms, TotalError:1.5848438, ErrorChange:-0.0018979311
Iteration:81, Time:912ms, TotalError:1.5744971, ErrorChange:-0.010346651
Iteration:82, Time:919ms, TotalError:1.5645509, ErrorChange:-0.009946227
Iteration:83, Time:923ms, TotalError:1.553916, ErrorChange:-0.010634899
Iteration:84, Time:952ms, TotalError:1.5575734, ErrorChange:0.0036574602
Iteration:85, Time:960ms, TotalError:1.5552263, ErrorChange:-0.0023471117
Iteration:86, Time:927ms, TotalError:1.592251, ErrorChange:0.037024617
Iteration:87, Time:932ms, TotalError:1.5816934, ErrorChange:-0.010557532
Iteration:88, Time:931ms, TotalError:1.6873513, ErrorChange:0.105657935
Iteration:89, Time:931ms, TotalError:1.4676574, ErrorChange:-0.2196939
Iteration:90, Time:942ms, TotalError:1.6272529, ErrorChange:0.15959549
Iteration:91, Time:923ms, TotalError:1.5746025, ErrorChange:-0.05265045
Iteration:92, Time:916ms, TotalError:1.5467486, ErrorChange:-0.027853847
Iteration:93, Time:912ms, TotalError:1.5030756, ErrorChange:-0.04367304
Iteration:94, Time:917ms, TotalError:1.565252, ErrorChange:0.062176347
Iteration:95, Time:914ms, TotalError:1.5989646, ErrorChange:0.033712626
Iteration:96, Time:1094ms, TotalError:1.5176305, ErrorChange:-0.081334114
Iteration:97, Time:921ms, TotalError:1.5291471, ErrorChange:0.01151669
Iteration:98, Time:923ms, TotalError:1.5099486, ErrorChange:-0.019198537
Iteration:99, Time:912ms, TotalError:1.488655, ErrorChange:-0.02129364
Iteration:100, Time:912ms, TotalError:1.4319892, ErrorChange:-0.05666578
Iteration:101, Time:922ms, TotalError:1.4224064, ErrorChange:-0.009582758
Iteration:102, Time:920ms, TotalError:1.4744542, ErrorChange:0.05204773
Iteration:103, Time:914ms, TotalError:1.3559664, ErrorChange:-0.118487716
Iteration:104, Time:1030ms, TotalError:1.4401145, ErrorChange:0.08414805
Iteration:105, Time:1083ms, TotalError:1.5078815, ErrorChange:0.067767024
Iteration:106, Time:921ms, TotalError:1.4509546, ErrorChange:-0.056926966
Iteration:107, Time:984ms, TotalError:1.4415119, ErrorChange:-0.009442687
Iteration:108, Time:915ms, TotalError:1.3876643, ErrorChange:-0.05384755
Iteration:109, Time:913ms, TotalError:1.4905963, ErrorChange:0.10293198
Iteration:110, Time:917ms, TotalError:1.451774, ErrorChange:-0.038822293
Iteration:111, Time:914ms, TotalError:1.4665477, ErrorChange:0.014773726
Iteration:112, Time:914ms, TotalError:1.4763746, ErrorChange:0.009826899
Iteration:113, Time:912ms, TotalError:1.4802974, ErrorChange:0.00392282
Iteration:114, Time:974ms, TotalError:1.4898143, ErrorChange:0.009516835
Iteration:115, Time:923ms, TotalError:1.4921461, ErrorChange:0.002331853
Iteration:116, Time:938ms, TotalError:1.5020814, ErrorChange:0.00993526
Iteration:117, Time:961ms, TotalError:1.5048774, ErrorChange:0.002796054
Iteration:118, Time:1001ms, TotalError:1.5111111, ErrorChange:0.006233692
Iteration:119, Time:945ms, TotalError:1.515412, ErrorChange:0.0043008327
Iteration:120, Time:929ms, TotalError:1.5211147, ErrorChange:0.005702734
Iteration:121, Time:930ms, TotalError:1.5244355, ErrorChange:0.0033208132
Iteration:122, Time:903ms, TotalError:1.5274838, ErrorChange:0.0030483007
Iteration:123, Time:923ms, TotalError:1.5326458, ErrorChange:0.0051620007
Iteration:124, Time:915ms, TotalError:1.5361154, ErrorChange:0.0034695864
Iteration:125, Time:927ms, TotalError:1.5407901, ErrorChange:0.004674673
Iteration:126, Time:904ms, TotalError:1.5439119, ErrorChange:0.0031218529
Iteration:127, Time:909ms, TotalError:1.5488782, ErrorChange:0.004966259
Iteration:128, Time:904ms, TotalError:1.5513879, ErrorChange:0.0025097132
Iteration:129, Time:904ms, TotalError:1.5537802, ErrorChange:0.002392292
Iteration:130, Time:906ms, TotalError:1.5580304, ErrorChange:0.004250169
Iteration:131, Time:909ms, TotalError:1.5606385, ErrorChange:0.00260818
Iteration:132, Time:905ms, TotalError:1.5627754, ErrorChange:0.0021368265
Iteration:133, Time:905ms, TotalError:1.5684248, ErrorChange:0.0056494474
Iteration:134, Time:913ms, TotalError:1.5697441, ErrorChange:0.0013192892
Iteration:135, Time:914ms, TotalError:1.573107, ErrorChange:0.003362894
Iteration:136, Time:929ms, TotalError:1.5751195, ErrorChange:0.0020124912
Iteration:137, Time:929ms, TotalError:1.5768498, ErrorChange:0.0017303228
Iteration:138, Time:1081ms, TotalError:1.581552, ErrorChange:0.0047022104
Iteration:139, Time:920ms, TotalError:1.5822363, ErrorChange:6.842613E-4
Iteration:140, Time:919ms, TotalError:1.5837709, ErrorChange:0.0015345812
Iteration:141, Time:924ms, TotalError:1.5881221, ErrorChange:0.0043512583
Iteration:142, Time:936ms, TotalError:1.5888886, ErrorChange:7.6651573E-4
Iteration:143, Time:962ms, TotalError:1.591594, ErrorChange:0.0027053356
Iteration:144, Time:986ms, TotalError:1.5950338, ErrorChange:0.003439784
Iteration:145, Time:909ms, TotalError:1.5967096, ErrorChange:0.0016758442
Iteration:146, Time:908ms, TotalError:1.5982218, ErrorChange:0.0015121698
Iteration:147, Time:906ms, TotalError:1.6010857, ErrorChange:0.002863884
Iteration:148, Time:905ms, TotalError:1.6030402, ErrorChange:0.0019545555
Iteration:149, Time:913ms, TotalError:1.6045501, ErrorChange:0.0015099049
Iteration:150, Time:909ms, TotalError:1.6073861, ErrorChange:0.002835989
Iteration:151, Time:906ms, TotalError:1.6089888, ErrorChange:0.0016026497
Iteration:152, Time:917ms, TotalError:1.6101251, ErrorChange:0.001136303
Iteration:153, Time:914ms, TotalError:1.6137863, ErrorChange:0.003661275
Iteration:154, Time:919ms, TotalError:1.6143974, ErrorChange:6.110668E-4
Iteration:155, Time:905ms, TotalError:1.6157832, ErrorChange:0.001385808
Iteration:156, Time:906ms, TotalError:1.6194046, ErrorChange:0.0036213398
